2026-01-25 00:12:34:1234 [31merror[39m: [31m500 - Cannot set property query of #<IncomingMessage> which has only a getter - /health - GET - ::1[39m
2026-01-25 00:13:18:1318 [31merror[39m: [31m500 - Cannot set property query of #<IncomingMessage> which has only a getter - /health - GET - ::1[39m
2026-01-25 00:13:31:1331 [35mhttp[39m: [35mGET /health[39m
2026-01-24 18:48:11:4811 [31merror[39m: [31m500 - Cannot set property query of #<IncomingMessage> which has only a getter - /health - GET - ::ffff:192.168.65.1[39m
2026-01-24 18:49:18:4918 [31merror[39m: [31m500 - Cannot set property query of #<IncomingMessage> which has only a getter - /health - GET - ::ffff:192.168.65.1[39m
2026-06-20 00:43:41:4341 [31merror[39m: [31mRedis error: [39m
2026-06-20 00:43:41:4341 [33mwarn[39m: [33mRedis reconnecting in 200ms[39m
2026-06-20 00:43:41:4341 [31merror[39m: [31mMongoDB connection error: Authentication failed.[39m
2026-06-20 00:44:08:448 [31merror[39m: [31mRedis error: [39m
2026-06-20 00:44:08:448 [33mwarn[39m: [33mRedis reconnecting in 200ms[39m
2026-06-20 00:44:08:448 [31merror[39m: [31mMongoDB connection error: Authentication failed.[39m
2026-06-20 00:45:17:4517 [31merror[39m: [31mRedis error: [39m
2026-06-20 00:45:17:4517 [33mwarn[39m: [33mRedis reconnecting in 200ms[39m
2026-06-20 00:45:17:4517 [31merror[39m: [31mMongoDB connection error: Authentication failed.[39m
2026-06-20 00:47:28:4728 [32minfo[39m: [32mRedis connected[39m
2026-06-20 00:47:28:4728 [32minfo[39m: [32mRedis ready[39m
2026-06-20 00:47:28:4728 [31merror[39m: [31mMongoDB connection error: Authentication failed.[39m
2026-06-20 00:47:41:4741 [32minfo[39m: [32mRedis connected[39m
2026-06-20 00:47:41:4741 [32minfo[39m: [32mRedis ready[39m
2026-06-20 00:47:41:4741 [31merror[39m: [31mMongoDB connection error: Authentication failed.[39m
2026-06-20 00:49:05:495 [32minfo[39m: [32mRedis connected[39m
2026-06-20 00:49:05:495 [32minfo[39m: [32mMongoDB connected successfully[39m
2026-06-20 00:49:05:495 [32minfo[39m: [32mServer running on http://localhost:3000[39m
2026-06-20 00:49:05:495 [32minfo[39m: [32mRedis ready[39m
2026-06-20 00:50:11:5011 [31merror[39m: [31m500 - Cannot set property query of #<IncomingMessage> which has only a getter - /api/auth/signup - POST - ::1[39m
2026-06-20 00:52:11:5211 [32minfo[39m: [32mRedis connected[39m
2026-06-20 00:52:11:5211 [32minfo[39m: [32mRedis ready[39m
2026-06-20 00:52:11:5211 [32minfo[39m: [32mMongoDB connected successfully[39m
2026-06-20 00:52:11:5211 [32minfo[39m: [32mServer running on http://localhost:3000[39m
2026-06-20 00:52:19:5219 [32minfo[39m: [32mRedis connected[39m
2026-06-20 00:52:19:5219 [32minfo[39m: [32mMongoDB connected successfully[39m
2026-06-20 00:52:19:5219 [32minfo[39m: [32mServer running on http://localhost:3000[39m
2026-06-20 00:52:19:5219 [32minfo[39m: [32mRedis ready[39m
2026-06-20 00:52:58:5258 [32minfo[39m: [32mSIGINT received. Starting graceful shutdown...[39m
2026-06-20 00:52:58:5258 [32minfo[39m: [32mHTTP server closed[39m
2026-06-20 00:52:58:5258 [32minfo[39m: [32mSocket.IO server closed[39m
2026-06-20 00:52:58:5258 [33mwarn[39m: [33mMongoDB disconnected. Attempting to reconnect...[39m
2026-06-20 00:52:58:5258 [32minfo[39m: [32mMongoDB disconnected[39m
2026-06-20 00:52:58:5258 [32minfo[39m: [32mRedis disconnected[39m
2026-06-20 00:53:02:532 [32minfo[39m: [32mRedis connected[39m
2026-06-20 00:53:02:532 [32minfo[39m: [32mRedis ready[39m
2026-06-20 00:53:02:532 [32minfo[39m: [32mMongoDB connected successfully[39m
2026-06-20 00:53:02:532 [32minfo[39m: [32mServer running on http://localhost:3000[39m
2026-06-20 00:53:05:535 [35mhttp[39m: [35mPOST /api/auth/signup[39m
2026-06-20 00:53:06:536 [35mhttp[39m: [35mGET /api/services/categories[39m
2026-06-20 00:53:06:536 [35mhttp[39m: [35mGET /api/services/categories[39m
2026-06-20 00:53:23:5323 [35mhttp[39m: [35mGET /api/notifications[39m
2026-06-20 00:53:23:5323 [35mhttp[39m: [35mGET /api/notifications[39m
2026-06-20 00:53:25:5325 [35mhttp[39m: [35mGET /api/notifications[39m
2026-06-20 00:53:25:5325 [35mhttp[39m: [35mGET /api/notifications[39m
2026-06-20 00:53:28:5328 [35mhttp[39m: [35mGET /api/services/categories[39m
2026-06-20 00:53:28:5328 [35mhttp[39m: [35mGET /api/services/categories[39m
2026-06-20 00:53:56:5356 [32minfo[39m: [32mSIGINT received. Starting graceful shutdown...[39m
2026-06-20 00:53:56:5356 [32minfo[39m: [32mHTTP server closed[39m
2026-06-20 00:53:56:5356 [32minfo[39m: [32mSocket.IO server closed[39m
2026-06-20 00:53:56:5356 [33mwarn[39m: [33mMongoDB disconnected. Attempting to reconnect...[39m
2026-06-20 00:53:56:5356 [32minfo[39m: [32mMongoDB disconnected[39m
2026-06-20 00:53:56:5356 [32minfo[39m: [32mSIGINT received. Starting graceful shutdown...[39m
2026-06-20 00:53:56:5356 [32minfo[39m: [32mHTTP server closed[39m
2026-06-20 00:53:56:5356 [32minfo[39m: [32mMongoDB disconnected[39m
2026-06-20 00:53:56:5356 [32minfo[39m: [32mSocket.IO server closed[39m
2026-06-20 00:53:56:5356 [32minfo[39m: [32mRedis disconnected[39m
2026-06-20 00:54:05:545 [32minfo[39m: [32mRedis connected[39m
2026-06-20 00:54:05:545 [32minfo[39m: [32mRedis ready[39m
2026-06-20 00:54:05:545 [32minfo[39m: [32mMongoDB connected successfully[39m
2026-06-20 00:54:05:545 [32minfo[39m: [32mServer running on http://localhost:3000[39m
2026-06-20 00:55:16:5516 [35mhttp[39m: [35mPOST /api/auth/signup[39m
2026-06-20 00:55:17:5517 [35mhttp[39m: [35mGET /api/workers/stats[39m
2026-06-20 00:55:17:5517 [35mhttp[39m: [35mGET /api/workers/stats[39m
2026-06-20 00:55:23:5523 [35mhttp[39m: [35mGET /api/jobs/history[39m
2026-06-20 00:55:23:5523 [35mhttp[39m: [35mGET /api/jobs/history[39m
2026-06-20 00:55:24:5524 [35mhttp[39m: [35mGET /api/jobs/history[39m
2026-06-20 00:55:24:5524 [35mhttp[39m: [35mGET /api/jobs/history[39m
2026-06-20 00:55:24:5524 [35mhttp[39m: [35mGET /api/workers/kyc[39m
2026-06-20 00:55:24:5524 [35mhttp[39m: [35mGET /api/workers/kyc[39m
2026-06-20 00:55:28:5528 [35mhttp[39m: [35mGET /api/jobs/history[39m
2026-06-20 00:55:28:5528 [35mhttp[39m: [35mGET /api/jobs/history[39m
2026-06-20 00:55:34:5534 [35mhttp[39m: [35mGET /api/workers/kyc[39m
2026-06-20 00:55:34:5534 [35mhttp[39m: [35mGET /api/workers/kyc[39m
2026-06-20 00:55:38:5538 [35mhttp[39m: [35mGET /api/workers/stats[39m
2026-06-20 00:55:38:5538 [35mhttp[39m: [35mGET /api/workers/stats[39m
2026-06-20 00:55:40:5540 [35mhttp[39m: [35mGET /api/workers/stats[39m
2026-06-20 00:55:40:5540 [35mhttp[39m: [35mGET /api/workers/stats[39m
2026-06-20 00:55:51:5551 [35mhttp[39m: [35mGET /api/workers/kyc[39m
2026-06-20 00:55:51:5551 [35mhttp[39m: [35mGET /api/workers/kyc[39m
2026-06-20 00:55:52:5552 [35mhttp[39m: [35mGET /api/workers/kyc[39m
2026-06-20 00:55:52:5552 [35mhttp[39m: [35mGET /api/workers/kyc[39m
2026-06-20 00:55:54:5554 [35mhttp[39m: [35mGET /api/workers/stats[39m
2026-06-20 00:55:55:5555 [35mhttp[39m: [35mGET /api/workers/stats[39m
2026-06-20 00:56:01:561 [35mhttp[39m: [35mGET /api/notifications[39m
2026-06-20 00:56:01:561 [35mhttp[39m: [35mGET /api/notifications[39m
2026-06-20 00:56:04:564 [35mhttp[39m: [35mGET /api/workers/stats[39m
2026-06-20 00:56:04:564 [35mhttp[39m: [35mGET /api/workers/stats[39m
2026-06-20 01:00:36:036 [35mhttp[39m: [35mPOST /api/auth/login[39m
2026-06-20 01:00:36:036 [31merror[39m: [31m401 - Invalid credentials - /api/auth/login - POST - ::1[39m
2026-06-20 01:01:10:110 [35mhttp[39m: [35mPOST /api/auth/login[39m
2026-06-20 01:01:10:110 [31merror[39m: [31m401 - Invalid credentials - /api/auth/login - POST - ::1[39m
2026-06-20 01:02:28:228 [35mhttp[39m: [35mPOST /api/auth/signup[39m
2026-06-20 01:02:48:248 [35mhttp[39m: [35mPOST /api/auth/login[39m
2026-06-20 01:02:48:248 [35mhttp[39m: [35mGET /api/admin/analytics[39m
2026-06-20 01:02:48:248 [35mhttp[39m: [35mGET /api/admin/analytics[39m
2026-06-20 01:02:58:258 [35mhttp[39m: [35mGET /api/admin/operations/live[39m
2026-06-20 01:02:59:259 [35mhttp[39m: [35mGET /api/admin/operations/live[39m
2026-06-20 01:03:02:32 [35mhttp[39m: [35mGET /api/admin/analytics[39m
2026-06-20 01:03:02:32 [35mhttp[39m: [35mGET /api/admin/analytics[39m
2026-06-20 01:03:04:34 [35mhttp[39m: [35mGET /api/admin/workers[39m
2026-06-20 01:03:04:34 [35mhttp[39m: [35mGET /api/admin/workers[39m
2026-06-20 01:03:07:37 [35mhttp[39m: [35mGET /api/admin/workers/6a35979df507d46b0eeac1e9[39m
2026-06-20 01:03:07:37 [35mhttp[39m: [35mGET /api/admin/workers/6a35979df507d46b0eeac1e9[39m
2026-06-20 01:03:10:310 [35mhttp[39m: [35mGET /api/admin/workers[39m
2026-06-20 01:03:10:310 [35mhttp[39m: [35mGET /api/admin/workers[39m
2026-06-20 01:03:12:312 [35mhttp[39m: [35mGET /api/admin/workers/6a35979df507d46b0eeac1e9[39m
2026-06-20 01:03:12:312 [35mhttp[39m: [35mGET /api/admin/workers/6a35979df507d46b0eeac1e9[39m
2026-06-20 01:03:13:313 [35mhttp[39m: [35mGET /api/admin/workers[39m
2026-06-20 01:03:13:313 [35mhttp[39m: [35mGET /api/admin/workers[39m
2026-06-20 01:03:14:314 [35mhttp[39m: [35mGET /api/admin/workers/pending-verification[39m
2026-06-20 01:03:14:314 [35mhttp[39m: [35mGET /api/admin/workers/pending-verification[39m
2026-06-20 01:03:14:314 [35mhttp[39m: [35mGET /api/admin/complaints?[39m
2026-06-20 01:03:14:314 [35mhttp[39m: [35mGET /api/admin/complaints?[39m
2026-06-20 01:03:16:316 [35mhttp[39m: [35mGET /api/admin/complaints?status=OPEN[39m
2026-06-20 01:03:16:316 [35mhttp[39m: [35mGET /api/admin/complaints?status=IN_REVIEW[39m
2026-06-20 01:03:17:317 [35mhttp[39m: [35mGET /api/admin/complaints?status=ESCALATED[39m
2026-06-20 01:03:17:317 [35mhttp[39m: [35mGET /api/admin/complaints?status=RESOLVED[39m
2026-06-20 01:03:18:318 [35mhttp[39m: [35mGET /api/admin/complaints?status=CLOSED[39m
2026-06-20 01:03:19:319 [35mhttp[39m: [35mGET /api/admin/complaints?[39m
2026-06-20 01:03:19:319 [35mhttp[39m: [35mGET /api/admin/disputes[39m
2026-06-20 01:03:19:319 [35mhttp[39m: [35mGET /api/admin/disputes[39m
2026-06-20 01:03:20:320 [35mhttp[39m: [35mGET /api/admin/health[39m
2026-06-20 01:03:22:322 [35mhttp[39m: [35mGET /api/admin/health[39m
2026-06-20 01:03:33:333 [35mhttp[39m: [35mGET /api/admin/analytics[39m
2026-06-20 01:03:33:333 [35mhttp[39m: [35mGET /api/admin/analytics[39m
2026-06-20 01:04:06:46 [35mhttp[39m: [35mGET /api/admin/operations/live[39m
2026-06-20 01:04:06:46 [35mhttp[39m: [35mGET /api/admin/operations/live[39m
2026-06-20 01:04:07:47 [35mhttp[39m: [35mGET /api/admin/workers[39m
2026-06-20 01:04:07:47 [35mhttp[39m: [35mGET /api/admin/workers[39m
2026-06-20 01:04:08:48 [35mhttp[39m: [35mGET /api/admin/workers/pending-verification[39m
2026-06-20 01:04:08:48 [35mhttp[39m: [35mGET /api/admin/workers/pending-verification[39m
2026-06-20 01:04:09:49 [35mhttp[39m: [35mGET /api/admin/complaints?[39m
2026-06-20 01:04:09:49 [35mhttp[39m: [35mGET /api/admin/complaints?[39m
2026-06-20 01:04:09:49 [35mhttp[39m: [35mGET /api/admin/disputes[39m
2026-06-20 01:04:09:49 [35mhttp[39m: [35mGET /api/admin/disputes[39m
2026-06-20 01:04:10:410 [35mhttp[39m: [35mGET /api/admin/health[39m
2026-06-20 01:04:11:411 [35mhttp[39m: [35mGET /api/admin/health[39m
2026-06-20 01:04:11:411 [35mhttp[39m: [35mGET /api/admin/analytics[39m
2026-06-20 01:04:11:411 [35mhttp[39m: [35mGET /api/admin/analytics[39m
2026-06-20 01:05:22:522 [35mhttp[39m: [35mPOST /api/auth/login[39m
2026-06-20 01:05:23:523 [35mhttp[39m: [35mGET /api/admin/analytics[39m
2026-06-20 01:05:23:523 [35mhttp[39m: [35mGET /api/admin/analytics[39m
2026-06-20 01:08:11:811 [35mhttp[39m: [35mGET /api/admin/operations/live[39m
2026-06-20 01:08:11:811 [35mhttp[39m: [35mGET /api/admin/operations/live[39m
2026-06-20 01:08:12:812 [35mhttp[39m: [35mGET /api/admin/analytics[39m
2026-06-20 01:08:12:812 [35mhttp[39m: [35mGET /api/admin/analytics[39m
2026-06-20 01:08:12:812 [35mhttp[39m: [35mGET /api/admin/workers[39m
2026-06-20 01:08:12:812 [35mhttp[39m: [35mGET /api/admin/workers[39m
2026-06-20 01:08:13:813 [35mhttp[39m: [35mGET /api/admin/workers/pending-verification[39m
2026-06-20 01:08:13:813 [35mhttp[39m: [35mGET /api/admin/workers/pending-verification[39m
2026-06-20 01:08:14:814 [35mhttp[39m: [35mGET /api/admin/complaints?[39m
2026-06-20 01:08:14:814 [35mhttp[39m: [35mGET /api/admin/complaints?[39m
2026-06-20 01:08:15:815 [35mhttp[39m: [35mGET /api/admin/disputes[39m
2026-06-20 01:08:15:815 [35mhttp[39m: [35mGET /api/admin/disputes[39m
2026-06-20 01:08:16:816 [35mhttp[39m: [35mGET /api/admin/health[39m
2026-06-20 01:08:16:816 [35mhttp[39m: [35mGET /api/admin/health[39m
2026-06-20 01:08:20:820 [35mhttp[39m: [35mPOST /api/admin/maintenance[39m
2026-06-20 01:08:22:822 [35mhttp[39m: [35mGET /api/admin/disputes[39m
2026-06-20 01:08:22:822 [35mhttp[39m: [35mGET /api/admin/disputes[39m
2026-06-20 01:08:24:824 [35mhttp[39m: [35mGET /api/admin/analytics[39m
2026-06-20 01:08:24:824 [35mhttp[39m: [35mGET /api/admin/analytics[39m
2026-06-20 01:09:55:955 [35mhttp[39m: [35mGET /api/admin/workers[39m
2026-06-20 01:10:19:1019 [35mhttp[39m: [35mGET /api/admin/analytics[39m
2026-06-20 01:10:21:1021 [35mhttp[39m: [35mGET /api/admin/analytics[39m
2026-06-20 01:10:21:1021 [35mhttp[39m: [35mGET /api/admin/analytics[39m
2026-06-20 01:10:22:1022 [35mhttp[39m: [35mGET /api/admin/operations/live[39m
2026-06-20 01:10:22:1022 [35mhttp[39m: [35mGET /api/admin/operations/live[39m
2026-06-20 01:10:25:1025 [35mhttp[39m: [35mGET /api/admin/workers[39m
2026-06-20 01:10:25:1025 [35mhttp[39m: [35mGET /api/admin/workers[39m
2026-06-20 01:10:29:1029 [35mhttp[39m: [35mGET /api/admin/workers/pending-verification[39m
2026-06-20 01:10:29:1029 [35mhttp[39m: [35mGET /api/admin/workers/pending-verification[39m
2026-06-20 01:10:29:1029 [35mhttp[39m: [35mGET /api/admin/complaints?[39m
2026-06-20 01:10:29:1029 [35mhttp[39m: [35mGET /api/admin/complaints?[39m
2026-06-20 01:10:30:1030 [35mhttp[39m: [35mGET /api/admin/disputes[39m
2026-06-20 01:10:30:1030 [35mhttp[39m: [35mGET /api/admin/disputes[39m
2026-06-20 01:10:31:1031 [35mhttp[39m: [35mGET /api/admin/health[39m
2026-06-20 01:10:32:1032 [35mhttp[39m: [35mGET /api/admin/health[39m
2026-06-20 01:10:35:1035 [35mhttp[39m: [35mGET /api/admin/analytics[39m
2026-06-20 01:10:35:1035 [35mhttp[39m: [35mGET /api/admin/analytics[39m
2026-06-20 01:16:59:1659 [35mhttp[39m: [35mGET /api/admin/analytics[39m
2026-06-20 01:17:00:170 [35mhttp[39m: [35mGET /api/admin/analytics[39m
2026-06-20 01:19:10:1910 [35mhttp[39m: [35mGET /api/admin/analytics[39m
2026-06-20 01:19:11:1911 [35mhttp[39m: [35mGET /api/admin/analytics[39m
2026-06-20 01:20:38:2038 [32minfo[39m: [32mRedis connected[39m
2026-06-20 01:20:38:2038 [32minfo[39m: [32mRedis ready[39m
2026-06-20 01:20:38:2038 [32minfo[39m: [32mMongoDB connected successfully[39m
2026-06-20 01:20:38:2038 [32minfo[39m: [32mServer running on http://localhost:3000[39m
2026-06-20 01:20:41:2041 [32minfo[39m: [32mConnected to MongoDB for seeding[39m
2026-06-20 01:20:41:2041 [32minfo[39m: [32mCleared existing service data[39m
2026-06-20 01:20:41:2041 [32minfo[39m: [32mCreated category: Plumbing[39m
2026-06-20 01:20:41:2041 [32minfo[39m: [32m  Created sub-service: Water Leakage (₹299)[39m
2026-06-20 01:20:41:2041 [32minfo[39m: [32m  Created sub-service: Tap Repair (₹199)[39m
2026-06-20 01:20:41:2041 [32minfo[39m: [32m  Created sub-service: Toilet Repair (₹349)[39m
2026-06-20 01:20:41:2041 [32minfo[39m: [32m  Created sub-service: Pipe Replacement (₹499)[39m
2026-06-20 01:20:41:2041 [32minfo[39m: [32m  Created sub-service: Water Tank Issues (₹399)[39m
2026-06-20 01:20:41:2041 [32minfo[39m: [32m  Created sub-service: Drain Blockage (₹249)[39m
2026-06-20 01:20:41:2041 [32minfo[39m: [32mCreated category: Electrical Appliances[39m
2026-06-20 01:20:41:2041 [32minfo[39m: [32m  Created sub-service: Switch Repair (₹149)[39m
2026-06-20 01:20:41:2041 [32minfo[39m: [32m  Created sub-service: Fan Repair (₹299)[39m
2026-06-20 01:20:41:2041 [32minfo[39m: [32m  Created sub-service: Wiring Issues (₹499)[39m
2026-06-20 01:20:41:2041 [32minfo[39m: [32m  Created sub-service: MCB Replacement (₹199)[39m
2026-06-20 01:20:41:2041 [32minfo[39m: [32m  Created sub-service: Power Outage Troubleshooting (₹349)[39m
2026-06-20 01:20:41:2041 [32minfo[39m: [32m  Created sub-service: Inverter Connection (₹599)[39m
2026-06-20 01:20:41:2041 [32minfo[39m: [32m  Created sub-service: Socket Installation (₹249)[39m
2026-06-20 01:20:41:2041 [32minfo[39m: [32m  Created sub-service: Short Circuit Repair (₹449)[39m
2026-06-20 01:20:41:2041 [32minfo[39m: [32m  Created sub-service: Washing Machine Repair (₹599)[39m
2026-06-20 01:20:41:2041 [32minfo[39m: [32mCreated category: AC Technician[39m
2026-06-20 01:20:41:2041 [32minfo[39m: [32m  Created sub-service: AC Servicing (₹599)[39m
2026-06-20 01:20:41:2041 [32minfo[39m: [32m  Created sub-service: Gas Refill (₹1499)[39m
2026-06-20 01:20:41:2041 [32minfo[39m: [32m  Created sub-service: AC Installation (₹1999)[39m
2026-06-20 01:20:41:2041 [32minfo[39m: [32m  Created sub-service: AC Uninstallation (₹799)[39m
2026-06-20 01:20:41:2041 [32minfo[39m: [32m  Created sub-service: Cooling Issue (₹499)[39m
2026-06-20 01:20:41:2041 [32minfo[39m: [32m  Created sub-service: AC Water Leakage (₹399)[39m
2026-06-20 01:20:41:2041 [32minfo[39m: [32m  Created sub-service: PCB Repair (₹1299)[39m
2026-06-20 01:20:41:2041 [32minfo[39m: [32mCreated category: Vehicle Services at Home[39m
2026-06-20 01:20:41:2041 [32minfo[39m: [32m  Created sub-service: Bike Mechanic (₹399)[39m
2026-06-20 01:20:41:2041 [32minfo[39m: [32m  Created sub-service: Car Mechanic (₹799)[39m
2026-06-20 01:20:41:2041 [32minfo[39m: [32m  Created sub-service: Puncture Repair (₹199)[39m
2026-06-20 01:20:41:2041 [32minfo[39m: [32m  Created sub-service: Battery Replacement (₹599)[39m
2026-06-20 01:20:41:2041 [32minfo[39m: [32m  Created sub-service: Car Wash (₹499)[39m
2026-06-20 01:20:41:2041 [32minfo[39m: [32mSeeding complete: 4 categories, 27 sub-services[39m
2026-06-20 01:21:09:219 [32minfo[39m: [32mRedis connected[39m
2026-06-20 01:21:09:219 [32minfo[39m: [32mMongoDB connected successfully[39m
2026-06-20 01:21:09:219 [32minfo[39m: [32mServer running on http://localhost:3000[39m
2026-06-20 01:21:09:219 [32minfo[39m: [32mRedis ready[39m
2026-06-20 01:21:55:2155 [32minfo[39m: [32mRedis connected[39m
2026-06-20 01:21:55:2155 [32minfo[39m: [32mRedis ready[39m
2026-06-20 01:21:55:2155 [32minfo[39m: [32mMongoDB connected successfully[39m
2026-06-20 01:21:55:2155 [32minfo[39m: [32mServer running on http://localhost:3000[39m
2026-06-20 01:22:57:2257 [35mhttp[39m: [35mGET /api/admin/analytics[39m
2026-06-20 01:22:58:2258 [35mhttp[39m: [35mGET /api/admin/analytics[39m
2026-06-20 01:25:44:2544 [32minfo[39m: [32mRedis connected[39m
2026-06-20 01:25:44:2544 [32minfo[39m: [32mRedis ready[39m
2026-06-20 01:25:44:2544 [32minfo[39m: [32mMongoDB connected successfully[39m
2026-06-20 01:25:44:2544 [32minfo[39m: [32mServer running on http://localhost:3000[39m
2026-06-20 01:25:51:2551 [35mhttp[39m: [35mPOST /api/auth/signup[39m
2026-06-20 01:25:51:2551 [31merror[39m: [31m409 - User with this email or phone already exists - /api/auth/signup - POST - ::1[39m
2026-06-20 01:27:27:2727 [35mhttp[39m: [35mPOST /api/auth/login[39m
2026-06-20 01:27:27:2727 [35mhttp[39m: [35mGET /api/services/categories[39m
2026-06-20 01:27:27:2727 [35mhttp[39m: [35mGET /api/services/categories[39m
2026-06-20 01:27:31:2731 [35mhttp[39m: [35mGET /api/services/sub-services?categoryId=6a359d91746c2ce609f43d20[39m
2026-06-20 01:27:31:2731 [35mhttp[39m: [35mGET /api/services/sub-services?categoryId=6a359d91746c2ce609f43d20[39m
2026-06-20 01:27:36:2736 [35mhttp[39m: [35mGET /api/services/sub-services/6a359d91746c2ce609f43d26[39m
2026-06-20 01:27:36:2736 [35mhttp[39m: [35mGET /api/services/sub-services/6a359d91746c2ce609f43d26[39m
2026-06-20 01:28:07:287 [35mhttp[39m: [35mGET /api/services/sub-services/6a359d91746c2ce609f43d26[39m
2026-06-20 01:28:07:287 [35mhttp[39m: [35mGET /api/services/sub-services/6a359d91746c2ce609f43d26[39m
2026-06-20 01:28:08:288 [35mhttp[39m: [35mGET /api/services/sub-services?categoryId=6a359d91746c2ce609f43d20[39m
2026-06-20 01:28:08:288 [35mhttp[39m: [35mGET /api/services/sub-services?categoryId=6a359d91746c2ce609f43d20[39m
2026-06-20 01:28:09:289 [35mhttp[39m: [35mGET /api/services/sub-services/6a359d91746c2ce609f43d22[39m
2026-06-20 01:28:09:289 [35mhttp[39m: [35mGET /api/services/sub-services/6a359d91746c2ce609f43d22[39m
2026-06-20 01:28:10:2810 [35mhttp[39m: [35mGET /api/services/sub-services?categoryId=6a359d91746c2ce609f43d20[39m
2026-06-20 01:28:10:2810 [35mhttp[39m: [35mGET /api/services/sub-services?categoryId=6a359d91746c2ce609f43d20[39m
2026-06-20 01:28:11:2811 [35mhttp[39m: [35mGET /api/services/categories[39m
2026-06-20 01:28:11:2811 [35mhttp[39m: [35mGET /api/services/categories[39m
2026-06-20 01:28:13:2813 [35mhttp[39m: [35mGET /api/services/sub-services?categoryId=6a359d91746c2ce609f43cfe[39m
2026-06-20 01:28:13:2813 [35mhttp[39m: [35mGET /api/services/sub-services?categoryId=6a359d91746c2ce609f43cfe[39m
2026-06-20 01:28:14:2814 [35mhttp[39m: [35mGET /api/services/categories[39m
2026-06-20 01:28:14:2814 [35mhttp[39m: [35mGET /api/services/categories[39m
2026-06-20 01:28:20:2820 [35mhttp[39m: [35mGET /api/notifications[39m
2026-06-20 01:28:20:2820 [35mhttp[39m: [35mGET /api/notifications[39m
2026-06-20 01:28:22:2822 [35mhttp[39m: [35mGET /api/services/categories[39m
2026-06-20 01:28:22:2822 [35mhttp[39m: [35mGET /api/services/categories[39m
2026-06-20 01:28:31:2831 [35mhttp[39m: [35mGET /api/services/categories[39m
2026-06-20 01:28:31:2831 [35mhttp[39m: [35mGET /api/services/categories[39m
2026-06-20 01:40:35:4035 [35mhttp[39m: [35mGET /api/services/categories[39m
2026-06-20 01:40:35:4035 [35mhttp[39m: [35mGET /api/services/categories[39m
2026-06-20 01:41:52:4152 [35mhttp[39m: [35mGET /api/services/categories[39m
2026-06-20 01:41:52:4152 [35mhttp[39m: [35mGET /api/services/categories[39m
2026-06-20 01:42:28:4228 [35mhttp[39m: [35mPOST /api/auth/signup[39m
2026-06-20 01:42:30:4230 [35mhttp[39m: [35mGET /api/workers/stats[39m
2026-06-20 01:42:30:4230 [35mhttp[39m: [35mGET /api/workers/stats[39m
2026-06-20 01:42:36:4236 [35mhttp[39m: [35mGET /api/jobs/history[39m
2026-06-20 01:42:36:4236 [35mhttp[39m: [35mGET /api/jobs/history[39m
2026-06-20 01:42:38:4238 [35mhttp[39m: [35mGET /api/jobs/history[39m
2026-06-20 01:42:38:4238 [35mhttp[39m: [35mGET /api/jobs/history[39m
2026-06-20 01:42:39:4239 [35mhttp[39m: [35mGET /api/workers/kyc[39m
2026-06-20 01:42:39:4239 [35mhttp[39m: [35mGET /api/workers/kyc[39m
2026-06-20 01:42:42:4242 [35mhttp[39m: [35mGET /api/jobs/history[39m
2026-06-20 01:42:42:4242 [35mhttp[39m: [35mGET /api/jobs/history[39m
2026-06-20 01:42:46:4246 [35mhttp[39m: [35mGET /api/workers/stats[39m
2026-06-20 01:42:46:4246 [35mhttp[39m: [35mGET /api/workers/stats[39m
2026-06-20 01:43:01:431 [35mhttp[39m: [35mPOST /api/auth/login[39m
2026-06-20 01:43:02:432 [35mhttp[39m: [35mGET /api/admin/analytics[39m
2026-06-20 01:43:03:433 [35mhttp[39m: [35mGET /api/admin/analytics[39m
2026-06-20 01:43:06:436 [35mhttp[39m: [35mGET /api/admin/services/categories[39m
2026-06-20 01:43:07:437 [35mhttp[39m: [35mGET /api/admin/services/categories[39m
2026-06-20 01:43:12:4312 [35mhttp[39m: [35mGET /api/admin/services/categories[39m
2026-06-20 01:43:12:4312 [35mhttp[39m: [35mGET /api/admin/services/sub-services?categoryId=6a359d91746c2ce609f43d20[39m
2026-06-20 01:43:12:4312 [35mhttp[39m: [35mGET /api/admin/services/sub-services?categoryId=6a359d91746c2ce609f43d20[39m
2026-06-20 01:43:12:4312 [35mhttp[39m: [35mGET /api/admin/services/categories[39m
2026-06-20 01:43:25:4325 [35mhttp[39m: [35mGET /api/admin/services/categories[39m
2026-06-20 01:43:25:4325 [35mhttp[39m: [35mGET /api/admin/services/categories[39m
2026-06-20 01:43:27:4327 [35mhttp[39m: [35mGET /api/admin/services/categories[39m
2026-06-20 01:43:27:4327 [35mhttp[39m: [35mGET /api/admin/services/sub-services?categoryId=6a359d91746c2ce609f43d20[39m
2026-06-20 01:43:27:4327 [35mhttp[39m: [35mGET /api/admin/services/categories[39m
2026-06-20 01:43:27:4327 [35mhttp[39m: [35mGET /api/admin/services/sub-services?categoryId=6a359d91746c2ce609f43d20[39m
2026-06-20 01:43:29:4329 [35mhttp[39m: [35mGET /api/admin/services/categories[39m
2026-06-20 01:43:29:4329 [35mhttp[39m: [35mGET /api/admin/services/categories[39m
2026-06-20 01:43:31:4331 [35mhttp[39m: [35mGET /api/admin/services/sub-services?categoryId=6a359d91746c2ce609f43d0c[39m
2026-06-20 01:43:31:4331 [35mhttp[39m: [35mGET /api/admin/services/categories[39m
2026-06-20 01:43:31:4331 [35mhttp[39m: [35mGET /api/admin/services/categories[39m
2026-06-20 01:43:31:4331 [35mhttp[39m: [35mGET /api/admin/services/sub-services?categoryId=6a359d91746c2ce609f43d0c[39m
2026-06-20 01:43:32:4332 [35mhttp[39m: [35mGET /api/admin/services/categories[39m
2026-06-20 01:43:32:4332 [35mhttp[39m: [35mGET /api/admin/services/categories[39m
2026-06-20 01:43:39:4339 [35mhttp[39m: [35mGET /api/admin/operations/live[39m
2026-06-20 01:43:39:4339 [35mhttp[39m: [35mGET /api/admin/operations/live[39m
2026-06-20 01:43:40:4340 [35mhttp[39m: [35mGET /api/admin/analytics[39m
2026-06-20 01:43:40:4340 [35mhttp[39m: [35mGET /api/admin/analytics[39m
2026-06-20 01:43:41:4341 [35mhttp[39m: [35mGET /api/admin/workers[39m
2026-06-20 01:43:41:4341 [35mhttp[39m: [35mGET /api/admin/workers[39m
2026-06-20 01:43:46:4346 [35mhttp[39m: [35mGET /api/admin/workers[39m
2026-06-20 01:43:46:4346 [35mhttp[39m: [35mGET /api/admin/workers[39m
2026-06-20 01:43:47:4347 [35mhttp[39m: [35mGET /api/admin/workers/6a35a2ade9cf2a51d928d7b1[39m
2026-06-20 01:43:47:4347 [35mhttp[39m: [35mGET /api/admin/workers/6a35a2ade9cf2a51d928d7b1[39m
2026-06-20 01:43:49:4349 [35mhttp[39m: [35mGET /api/admin/workers[39m
2026-06-20 01:43:49:4349 [35mhttp[39m: [35mGET /api/admin/workers[39m
2026-06-20 01:43:51:4351 [35mhttp[39m: [35mGET /api/admin/workers[39m
2026-06-20 01:43:51:4351 [35mhttp[39m: [35mGET /api/admin/workers[39m
2026-06-20 01:44:13:4413 [35mhttp[39m: [35mGET /api/admin/workers[39m
2026-06-20 01:44:13:4413 [35mhttp[39m: [35mGET /api/admin/workers[39m
2026-06-20 01:44:14:4414 [35mhttp[39m: [35mGET /api/admin/workers/pending-verification[39m
2026-06-20 01:44:14:4414 [35mhttp[39m: [35mGET /api/admin/workers/pending-verification[39m
2026-06-20 01:44:15:4415 [35mhttp[39m: [35mGET /api/admin/complaints?[39m
2026-06-20 01:44:15:4415 [35mhttp[39m: [35mGET /api/admin/complaints?[39m
2026-06-20 01:44:16:4416 [35mhttp[39m: [35mGET /api/admin/health[39m
2026-06-20 01:44:17:4417 [35mhttp[39m: [35mGET /api/admin/health[39m
2026-06-20 01:44:19:4419 [35mhttp[39m: [35mGET /api/admin/disputes[39m
2026-06-20 01:44:19:4419 [35mhttp[39m: [35mGET /api/admin/disputes[39m
2026-06-20 01:44:21:4421 [35mhttp[39m: [35mGET /api/admin/health[39m
2026-06-20 01:44:22:4422 [35mhttp[39m: [35mGET /api/admin/health[39m
2026-06-20 01:44:27:4427 [35mhttp[39m: [35mGET /api/admin/analytics[39m
2026-06-20 01:44:27:4427 [35mhttp[39m: [35mGET /api/admin/analytics[39m
2026-06-20 01:45:14:4514 [32minfo[39m: [32mSIGINT received. Starting graceful shutdown...[39m
2026-06-20 01:45:14:4514 [32minfo[39m: [32mHTTP server closed[39m
2026-06-20 01:45:14:4514 [32minfo[39m: [32mSocket.IO server closed[39m
2026-06-20 01:45:14:4514 [33mwarn[39m: [33mMongoDB disconnected. Attempting to reconnect...[39m
2026-06-20 01:45:14:4514 [32minfo[39m: [32mMongoDB disconnected[39m
2026-06-20 01:45:14:4514 [32minfo[39m: [32mRedis disconnected[39m
